make all --print-data-base --no-builtin-variables --no-builtin-rules --question
# GNU Make 4.2.1
# Built for x86_64-pc-linux-gnu
# Copyright (C) 1988-2016 Free Software Foundation, Inc.
# License GPLv3+: GNU GPL version 3 or later <http://gnu.org/licenses/gpl.html>
# This is free software: you are free to change and redistribute it.
# There is NO WARRANTY, to the extent permitted by law.

# Make data base, printed on Thu Jun 30 15:09:39 2022

# Variables

# automatic
<D = $(patsubst %/,%,$(dir $<))
# automatic
?F = $(notdir $?)
# environment
DESKTOP_SESSION = ubuntu
# default
.SHELLFLAGS := -c
# environment
XDG_SESSION_CLASS = user
# environment
XDG_SESSION_TYPE = x11
# environment
VSCODE_LOG_NATIVE = false
# automatic
?D = $(patsubst %/,%,$(dir $?))
# automatic
@D = $(patsubst %/,%,$(dir $@))
# environment
XAUTHORITY = /mnt/nfs/homes/lhafsi/.Xauthority
# environment
GDMSESSION = ubuntu
# environment
XMODIFIERS = @im=ibus
# makefile
CURDIR := /mnt/nfs/homes/lhafsi/Desktop/so_long
# makefile
SHELL = /bin/sh
# environment
VTE_VERSION = 6003
# environment
VSCODE_NLS_CONFIG = {"locale":"en-us","availableLanguages":{},"_languagePackSupport":true}
# environment
_ = /usr/bin/code
# makefile (from 'Makefile', line 20)
CFLAGS = -Wall -Wextra -Werror -I$(INC_DIR) -I/usr/include -Imlx_linux -O3 -g -fsanitize=address
# environment
JOURNAL_STREAM = 9:58362
# environment
XDG_CONFIG_DIRS = /etc/xdg/xdg-ubuntu:/etc/xdg
# makefile (from 'Makefile', line 1)
MAKEFILE_LIST :=  Makefile
# makefile (from 'Makefile', line 9)
LIB_DIR := lib
# automatic
@F = $(notdir $@)
# environment
GIO_LAUNCHED_DESKTOP_FILE = /usr/share/applications/terminator.desktop
# 'override' directive
GNUMAKEFLAGS := 
# environment
MANDATORY_PATH = /usr/share/gconf/ubuntu.mandatory.path
# environment
XDG_DATA_DIRS = /usr/share/gnome:/usr/share/ubuntu:/mnt/nfs/homes/lhafsi/.local/share/flatpak/exports/share:/var/lib/flatpak/exports/share:/usr/local/share:/usr/share:/var/lib/snapd/desktop
# environment
DBUS_SESSION_BUS_ADDRESS = unix:path=/run/user/101101/bus
# environment
VSCODE_VERBOSE_LOGGING = true
# makefile (from 'Makefile', line 45)
OBJS := srcs/main.o srcs/gnl/get_next_line.o srcs/gnl/get_next_line_utils.o srcs/parsing/check_map_utils.o
# environment
MANAGERPID = 5317
# environment
VSCODE_IPC_HOOK_EXTHOST = /run/user/101101/vscode-ipc-6d7faf03-61ee-454f-bbdd-6b274f5ece97.sock
# environment
VSCODE_CWD = /mnt/nfs/homes/lhafsi/Desktop/so_long
# environment
XDG_SESSION_PATH = /org/freedesktop/DisplayManager/Session0
# environment
KRB5CCNAME = FILE:/tmp/krb5cc_101101_vP5HbS
# default
MAKE_HOST := x86_64-pc-linux-gnu
# environment
PATH = /mnt/nfs/homes/lhafsi/bin:/usr/local/sbin:/usr/local/bin:/usr/sbin:/usr/bin:/sbin:/bin:/usr/games:/usr/local/games:/snap/bin
# environment
GPG_AGENT_INFO = /run/user/101101/gnupg/S.gpg-agent:0:1
# environment
SESSION_MANAGER = local/e1r3p4.42.fr:@/tmp/.ICE-unix/5784,unix/e1r3p4.42.fr:/tmp/.ICE-unix/5784
# environment
XDG_RUNTIME_DIR = /run/user/101101
# environment
XDG_MENU_PREFIX = gnome-
# environment
VSCODE_LOG_STACK = false
# environment
ELECTRON_RUN_AS_NODE = 1
# environment
INVOCATION_ID = bbcbab5fa1bb4ae6932516d66a12a9be
# makefile (from 'Makefile', line 19)
LDFLAGS = -Lmlx_linux -lmlx_Linux -L/usr/lib -Imlx_linux -lXext -lX11 -lm -lz
# default
.FEATURES := target-specific order-only second-expansion else-if shortest-stem undefine oneshell archives jobserver output-sync check-symlink load
# environment
XDG_GREETER_DATA_DIR = /var/lib/lightdm-data/lhafsi
# environment
XDG_SESSION_DESKTOP = ubuntu
# environment
SSH_AUTH_SOCK = /run/user/101101/keyring/ssh
# environment
GIO_LAUNCHED_DESKTOP_FILE_PID = 6968
# automatic
%F = $(notdir $%)
# environment
DISPLAY = :0
# makefile (from 'Makefile', line 32)
BONUS_SRCS := 
# environment
VSCODE_PIPE_LOGGING = true
# environment
PWD = /mnt/nfs/homes/lhafsi/Desktop/so_long
# default
.LOADED := 
# environment
SSH_AGENT_PID = 5748
# environment
ORIGINAL_XDG_CURRENT_DESKTOP = ubuntu:GNOME
# makefile (from 'Makefile', line 8)
INC_DIR := include
# environment
GTK_MODULES = gail:atk-bridge
# environment
VSCODE_AMD_ENTRYPOINT = vs/workbench/api/node/extensionHostProcess
# environment
HOME = /mnt/nfs/homes/lhafsi
# environment
VSCODE_CLI = 1
# environment
VSCODE_CODE_CACHE_PATH = /mnt/nfs/homes/lhafsi/.config/Code/CachedData/30d9c6cd9483b2cc586687151bcbcd635f373630
# environment
LOGNAME = lhafsi
# environment
APPLICATION_INSIGHTS_NO_DIAGNOSTIC_CHANNEL = 1
# makefile (from 'Makefile', line 24)
HEADERS := include/so_long.h include/get_next_line.h 
# environment
ELECTRON_NO_ATTACH_CONSOLE = 1
# environment
VSCODE_HANDLES_UNCAUGHT_ERRORS = true
# environment
GNOME_DESKTOP_SESSION_ID = this-is-deprecated
# automatic
^D = $(patsubst %/,%,$(dir $^))
# environment
MAKELEVEL := 0
# environment
COLORTERM = truecolor
# default
MAKE = $(MAKE_COMMAND)
# default
MAKECMDGOALS := all
# environment
QT_IM_MODULE = ibus
# makefile (from 'Makefile', line 27)
SRCS := srcs/main.c srcs/gnl/get_next_line.c srcs/gnl/get_next_line_utils.c srcs/parsing/check_map_utils.c 
# environment
SHLVL = 1
# makefile (from 'Makefile', line 51)
LIBFT := lib/libft/libft.a
# makefile (from 'Makefile', line 18)
CC := cc
# environment
IM_CONFIG_PHASE = 1
# default
MAKE_VERSION := 4.2.1
# environment
USER = lhafsi
# makefile
.DEFAULT_GOAL := all
# environment
XDG_CURRENT_DESKTOP = Unity
# environment
LIBVIRT_DEFAULT_URI = qemu:///system
# automatic
%D = $(patsubst %/,%,$(dir $%))
# default
MAKE_COMMAND := make
# environment
OLDPWD = /mnt/nfs/homes/lhafsi
# environment
TERMINATOR_DBUS_PATH = /net/tenshu/Terminator2
# default
.VARIABLES := 
# automatic
 
*F = $(notdir $*)
# environment
XDG_SEAT_PATH = /org/freedesktop/DisplayManager/Seat0
# environment
VSCODE_IPC_HOOK = /run/user/101101/vscode-96e5464b-1.68.1-main.sock
# makefile
MAKEFLAGS = pqrR
# environment
MFLAGS = -pqrR
# automatic
*D = $(patsubst %/,%,$(dir $*))
# automatic
+D = $(patsubst %/,%,$(dir $+))
# environment
GDK_BACKEND = x11
# automatic
+F = $(notdir $+)
# environment
QT_ACCESSIBILITY = 1
# environment
DEFAULTS_PATH = /usr/share/gconf/ubuntu.default.path
# default
MAKEFILES := 
# makefile (from 'Makefile', line 7)
SRC_DIR := srcs
# automatic
<F = $(notdir $<)
# makefile (from 'Makefile', line 47)
BONUS_OBJS := 
# makefile (from 'Makefile', line 10)
BIN_DIR := .
# environment
LC_ALL = C
# environment
GJS_DEBUG_TOPICS = JS ERROR;JS LOG
# automatic
^F = $(notdir $^)
# default
SUFFIXES := 
# environment
CHROME_DESKTOP = code-url-handler.desktop
# default
.INCLUDE_DIRS = /usr/include /usr/local/include /usr/include
# environment
GJS_DEBUG_OUTPUT = stderr
# makefile (from 'Makefile', line 3)
NAME := so_long.a
# default
.RECIPEPREFIX := 
# makefile (from 'Makefile', line 14)
EXE := ./so_long
# environment
LANG = C
# environment
TERM = xterm-256color
# environment
TERMINATOR_DBUS_NAME = net.tenshu.Terminator21a9d5db22c73a993ff0b42f64b396873
# environment
DOCKER_HOST = unix:///run/user/101101/docker.sock
# environment
VSCODE_PID = 7004
# environment
TERMINATOR_UUID = urn:uuid:e740ebef-17a1-45aa-9581-4fec3735c550
# variable set hash-table stats:
# Load=123/1024=12%, Rehash=0, Collisions=25/168=15%

# Pattern-specific Variable Values

# No pattern-specific variable values.

# Directories

# include (device 58, inode 87177307): 4 files, no impossibilities so far.
# . (device 58, inode 86750095): 12 files, no impossibilities.
# srcs/gnl (device 58, inode 95332165): 6 files, no impossibilities so far.
# srcs (device 58, inode 87301171): 5 files, no impossibilities so far.
# srcs/parsing (device 58, inode 95332167): 4 files, no impossibilities so far.

# 31 files, no impossibilities in 5 directories.

# Implicit Rules

%.o: %.c include/so_long.h include/get_next_line.h
#  recipe to execute (from 'Makefile', line 41):
	$(CC) -c $(CFLAGS) -o $@ $<

# 1 implicit rules, 0 (0.0%) terminal.

# Files

all: so_long.a
#  Phony target (prerequisite of .PHONY).
#  Command line target.
#  Implicit rule search has not been done.
#  File does not exist.
#  File has been updated.
#  Successfully updated.

srcs/parsing/check_map_utils.o: srcs/parsing/check_map_utils.c include/so_long.h include/get_next_line.h
#  Implicit rule search has been done.
#  Implicit/static pattern stem: 'srcs/parsing/check_map_utils'
#  Last modified 2022-06-30 15:09:30.771451294
#  File has been updated.
#  Successfully updated.
#  recipe to execute (from 'Makefile', line 41):
	$(CC) -c $(CFLAGS) -o $@ $<

# Not a target:
srcs/gnl/get_next_line.c:
#  Implicit rule search has been done.
#  Last modified 2022-06-28 22:49:22.914018613
#  File has been updated.
#  Successfully updated.

.PHONY: all clean fclean re
#  Implicit rule search has not been done.
#  Modification time never checked.
#  File has not been updated.

# Not a target:
Makefile:
#  Implicit rule search has been done.
#  Last modified 2022-06-30 15:09:23.947395599
#  File has been updated.
#  Successfully updated.

# Not a target:
srcs/main.c:
#  Implicit rule search has been done.
#  Last modified 2022-06-30 15:08:43.415064817
#  File has been updated.
#  Successfully updated.

srcs/gnl/get_next_line_utils.o: srcs/gnl/get_next_line_utils.c include/so_long.h include/get_next_line.h
#  Implicit rule search has been done.
#  Implicit/static pattern stem: 'srcs/gnl/get_next_line_utils'
#  Last modified 2022-06-30 15:09:30.711450804
#  File has been updated.
#  Successfully updated.
#  recipe to execute (from 'Makefile', line 41):
	$(CC) -c $(CFLAGS) -o $@ $<

# Not a target:
srcs/parsing/check_map_utils.c:
#  Implicit rule search has been done.
#  Last modified 2022-06-30 15:08:06.046759885
#  File has been updated.
#  Successfully updated.

# Not a target:
include/get_next_line.h:
#  Implicit rule search has been done.
#  Last modified 2022-06-30 14:57:13.065356469
#  File has been updated.
#  Successfully updated.

bonus: lib/libft/libft.a
#  Implicit rule search has not been done.
#  Modification time never checked.
#  File has not been updated.
#  recipe to execute (from 'Makefile', line 62):
	$(CC) $(CFLAGS) $^ $(LDFLAGS) -o $(EXE)

fclean: clean
#  Phony target (prerequisite of .PHONY).
#  Implicit rule search has not been done.
#  File does not exist.
#  File has not been updated.
#  recipe to execute (from 'Makefile', line 71):
	make -C lib/libft -f Makefile fclean
	rm -rf $(EXE)

srcs/main.o: srcs/main.c include/so_long.h include/get_next_line.h
#  Implicit rule search has been done.
#  Implicit/static pattern stem: 'srcs/main'
#  Last modified 2022-06-30 15:09:30.555449531
#  File has been updated.
#  Successfully updated.
#  recipe to execute (from 'Makefile', line 41):
	$(CC) -c $(CFLAGS) -o $@ $<

# Not a target:
.DEFAULT:
#  Implicit rule search has not been done.
#  Modification time never checked.
#  File has not been updated.

re: fclean all
#  Phony target (prerequisite of .PHONY).
#  Implicit rule search has not been done.
#  File does not exist.
#  File has not been updated.

clean:
#  Phony target (prerequisite of .PHONY).
#  Implicit rule search has not been done.
#  File does not exist.
#  File has not been updated.
#  recipe to execute (from 'Makefile', line 67):
	make -C lib/libft -f Makefile clean
	rm -rf $(OBJS) $(BONUS_OBJS)

# Not a target:
srcs/gnl/get_next_line_utils.c:
#  Implicit rule search has been done.
#  Last modified 2022-06-30 14:51:05.882305716
#  File has been updated.
#  Successfully updated.

srcs/gnl/get_next_line.o: srcs/gnl/get_next_line.c include/so_long.h include/get_next_line.h
#  Implicit rule search has been done.
#  Implicit/static pattern stem: 'srcs/gnl/get_next_line'
#  Last modified 2022-06-30 15:09:30.643450249
#  File has been updated.
#  Successfully updated.
#  recipe to execute (from 'Makefile', line 41):
	$(CC) -c $(CFLAGS) -o $@ $<

so_long: srcs/main.o srcs/gnl/get_next_line.o srcs/gnl/get_next_line_utils.o srcs/parsing/check_map_utils.o lib/libft/libft.a
#  Implicit rule search has not been done.
#  Last modified 2022-06-30 15:09:31.00745322
#  File has been updated.
#  Successfully updated.
#  recipe to execute (from 'Makefile', line 59):
	$(CC) $(CFLAGS) $^ $(LDFLAGS) -o $(EXE)

lib/libft/libft.a:
#  Implicit rule search has not been done.
#  Last modified 2022-06-28 22:49:54.086038614
#  File has been updated.
#  Successfully updated.
#  recipe to execute (from 'Makefile', line 54):
	make -C lib/libft -f Makefile

# Not a target:
include/so_long.h:
#  Implicit rule search has been done.
#  Last modified 2022-06-30 15:07:13.250329109
#  File has been updated.
#  Successfully updated.

so_long.a: so_long
#  Implicit rule search has been done.
#  File does not exist.
#  File has been updated.
#  Successfully updated.

# files hash-table stats:
# Load=22/1024=2%, Rehash=0, Collisions=2/78=3%
# VPATH Search Paths

# No 'vpath' search paths.

# No general ('VPATH' variable) search path.

# strcache buffers: 1 (0) / strings = 53 / storage = 701 B / avg = 13 B
# current buf: size = 8162 B / used = 701 B / count = 53 / avg = 13 B

# strcache performance: lookups = 109 / hit rate = 51%
# hash-table stats:
# Load=53/8192=1%, Rehash=0, Collisions=5/109=5%
# Finished Make data base on Thu Jun 30 15:09:39 2022

 
